<?xml version="1.0" encoding="UTF-8"?>
<!-- Generated by org.testng.reporters.JUnitReportReporter -->
<testsuite hostname="DESKTOP-ROMM88M" failures="0" tests="1" name="com.test.testRunner.TestRunner" time="0.088" errors="0" timestamp="29 Feb 2020 00:41:50 GMT" skipped="0">
  <testcase classname="com.test.testRunner.TestRunner" name="feature" time="0.088"/>
</testsuite> <!-- com.test.testRunner.TestRunner -->
